android/build/outputs/logs/manifest-merger-debug-report.txt
-- Merging decision tree log ---
manifest
ADDED from Learning/android/AndroidManifest.xml:2:1-24:12
INJECTED from Learning/android/AndroidManifest.xml:2:1-24:12
INJECTED from Learning/android/AndroidManifest.xml:2:1-24:12
INJECTED from Learning/android/AndroidManifest.xml:2:1-24:12
INJECTED from Learning/android/AndroidManifest.xml:2:1-24:12
INJECTED from Learning/android/AndroidManifest.xml:2:1-24:12
INJECTED from Learning/android/AndroidManifest.xml:2:1-24:12
	package
		ADDED from Learning/android/AndroidManifest.xml:3:5-32
		INJECTED from Learning/android/AndroidManifest.xml
		INJECTED from Learning/android/AndroidManifest.xml
	android:versionName
		INJECTED from Learning/android/AndroidManifest.xml
		ADDED from Learning/android/AndroidManifest.xml:2:1-24:12
		INJECTED from Learning/android/AndroidManifest.xml
	android:versionCode
		INJECTED from Learning/android/AndroidManifest.xml
		ADDED from Learning/android/AndroidManifest.xml:2:1-24:12
		INJECTED from Learning/android/AndroidManifest.xml
	xmlns:android
		ADDED from Learning/android/AndroidManifest.xml:2:11-69
uses-feature#0x00020000
ADDED from Learning/android/AndroidManifest.xml:5:5-78
	android:glEsVersion
		ADDED from Learning/android/AndroidManifest.xml:5:19-51
	android:required
		ADDED from Learning/android/AndroidManifest.xml:5:52-75
application
ADDED from Learning/android/AndroidManifest.xml:8:5-22:19
	android:label
		ADDED from Learning/android/AndroidManifest.xml:11:9-41
	android:icon
		ADDED from Learning/android/AndroidManifest.xml:10:9-45
	android:allowBackup
		ADDED from Learning/android/AndroidManifest.xml:9:9-35
	android:theme
		ADDED from Learning/android/AndroidManifest.xml:12:9-40
activity#com.lucasgiancola.AndroidLauncher
ADDED from Learning/android/AndroidManifest.xml:13:9-21:20
	android:label
		ADDED from Learning/android/AndroidManifest.xml:15:13-45
	android:configChanges
		ADDED from Learning/android/AndroidManifest.xml:16:13-107
	android:name
		ADDED from Learning/android/AndroidManifest.xml:14:13-61
intent-filter#action:name:android.intent.action.MAIN+category:name:android.intent.category.LAUNCHER
ADDED from Learning/android/AndroidManifest.xml:17:13-20:29
action#android.intent.action.MAIN
ADDED from Learning/android/AndroidManifest.xml:18:17-69
	android:name
		ADDED from Learning/android/AndroidManifest.xml:18:25-66
category#android.intent.category.LAUNCHER
ADDED from Learning/android/AndroidManifest.xml:19:17-77
	android:name
		ADDED from Learning/android/AndroidManifest.xml:19:27-74
uses-sdk
INJECTED from Learning/android/AndroidManifest.xml reason: use-sdk injection requested
INJECTED from Learning/android/AndroidManifest.xml
INJECTED from Learning/android/AndroidManifest.xml
INJECTED from Learning/android/AndroidManifest.xml
INJECTED from Learning/android/AndroidManifest.xml
	android:targetSdkVersion
		INJECTED from Learning/android/AndroidManifest.xml
		ADDED from Learning/android/AndroidManifest.xml
		INJECTED from Learning/android/AndroidManifest.xml
	android:minSdkVersion
		INJECTED from Learning/android/AndroidManifest.xml
		ADDED from Learning/android/AndroidManifest.xml
		INJECTED from Learning/android/AndroidManifest.xml